d:\projects\genpd\genpdcleansolution\genpd\genpd\x64\debug\vc141.pdb
d:\projects\genpd\genpdcleansolution\genpd\genpd\x64\debug\vc141.idb
d:\projects\genpd\genpdcleansolution\genpd\genpd\x64\debug\constraint_attachment.obj
d:\projects\genpd\genpdcleansolution\genpd\genpd\x64\debug\constraint_penalty.obj
d:\projects\genpd\genpdcleansolution\genpd\genpd\x64\debug\constraint_spring.obj
d:\projects\genpd\genpdcleansolution\genpd\genpd\x64\debug\constraint_tet.obj
d:\projects\genpd\genpdcleansolution\genpd\genpd\x64\debug\fps.obj
d:\projects\genpd\genpdcleansolution\genpd\genpd\x64\debug\glsl_wrapper.obj
d:\projects\genpd\genpdcleansolution\genpd\genpd\x64\debug\handle.obj
d:\projects\genpd\genpdcleansolution\genpd\genpd\x64\debug\io_mesh.obj
d:\projects\genpd\genpdcleansolution\genpd\genpd\x64\debug\main.obj
d:\projects\genpd\genpdcleansolution\genpd\genpd\x64\debug\math_headers.obj
d:\projects\genpd\genpdcleansolution\genpd\genpd\x64\debug\matlab_debugger.obj
d:\projects\genpd\genpdcleansolution\genpd\genpd\x64\debug\mesh.obj
d:\projects\genpd\genpdcleansolution\genpd\genpd\x64\debug\primitive.obj
d:\projects\genpd\genpdcleansolution\genpd\genpd\x64\debug\scene.obj
d:\projects\genpd\genpdcleansolution\genpd\genpd\x64\debug\selection_tool.obj
d:\projects\genpd\genpdcleansolution\genpd\genpd\x64\debug\simulation.obj
d:\projects\genpd\genpdcleansolution\genpd\genpd\x64\debug\tensor_math.obj
d:\projects\genpd\genpdcleansolution\genpd\genpd\x64\debug\tinyxml2.obj
d:\projects\genpd\genpdcleansolution\genpd\genpd\x64\debug\svd3x3.obj
d:\projects\genpd\genpdcleansolution\genpd\genpd\x64\debug\wundersvd3x3.obj
d:\projects\genpd\genpdcleansolution\genpd\genpd\x64\debug\anttweakbar_wrapper.obj
d:\projects\genpd\genpdcleansolution\genpd\genpd\x64\debug\camera.obj
d:\projects\genpd\genpdcleansolution\genpd\genpd\x64\debug\constraint.obj
d:\projects\genpd\genpdcleansolution\genpd\genpd\x64\debug\stb_image.obj
d:\projects\genpd\genpdcleansolution\genpd\genpd\x64\debug\stb_image_write.obj
d:\projects\genpd\genpdcleansolution\genpd\x64\debug\genpd.ilk
d:\projects\genpd\genpdcleansolution\genpd\x64\debug\genpd.exe
d:\projects\genpd\genpdcleansolution\genpd\x64\debug\genpd.pdb
d:\projects\genpd\genpdcleansolution\genpd\genpd\x64\debug\genpd.tlog\cl.command.1.tlog
d:\projects\genpd\genpdcleansolution\genpd\genpd\x64\debug\genpd.tlog\cl.read.1.tlog
d:\projects\genpd\genpdcleansolution\genpd\genpd\x64\debug\genpd.tlog\cl.write.1.tlog
d:\projects\genpd\genpdcleansolution\genpd\genpd\x64\debug\genpd.tlog\link.command.1.tlog
d:\projects\genpd\genpdcleansolution\genpd\genpd\x64\debug\genpd.tlog\link.read.1.tlog
d:\projects\genpd\genpdcleansolution\genpd\genpd\x64\debug\genpd.tlog\link.write.1.tlog
